[13:08:47] [main/INFO]: Environment: authHost='https://authserver.mojang.com', accountsHost='https://api.mojang.com', sessionHost='https://sessionserver.mojang.com', name='PROD'
[13:08:48] [main/WARN]: Ambiguity between arguments [teleport, destination] and [teleport, targets] with inputs: [Player, 0123, @e, dd12be42-52a9-4a91-a8a1-11c01849e498]
[13:08:48] [main/WARN]: Ambiguity between arguments [teleport, location] and [teleport, destination] with inputs: [0.1 -0.5 .9, 0 0 0]
[13:08:48] [main/WARN]: Ambiguity between arguments [teleport, location] and [teleport, targets] with inputs: [0.1 -0.5 .9, 0 0 0]
[13:08:48] [main/WARN]: Ambiguity between arguments [teleport, targets] and [teleport, destination] with inputs: [Player, 0123, dd12be42-52a9-4a91-a8a1-11c01849e498]
[13:08:48] [main/WARN]: Ambiguity between arguments [teleport, targets, location] and [teleport, targets, destination] with inputs: [0.1 -0.5 .9, 0 0 0]
[13:08:48] [main/INFO]: Reloading ResourceManager: Default
[13:08:49] [Worker-Main-14/INFO]: Loaded 7 recipes
[13:08:49] [Worker-Main-14/INFO]: Loaded 927 advancements
[13:08:50] [Server thread/INFO]: Starting minecraft server version 1.16.1
[13:08:50] [Server thread/INFO]: Loading properties
[13:08:50] [Server thread/INFO]: Default game type: SURVIVAL
[13:08:50] [Server thread/INFO]: Generating keypair
[13:08:51] [Server thread/INFO]: Starting Minecraft server on *:25565
[13:08:51] [Server thread/INFO]: Using default channel type
[13:08:53] [Server thread/INFO]: Preparing level "world"
[13:09:01] [Server thread/INFO]: Preparing start region for dimension minecraft:overworld
[13:09:01] [Worker-Main-18/INFO]: Preparing spawn area: 0%
[13:09:02] [Worker-Main-18/INFO]: Preparing spawn area: 0%
[13:09:02] [Worker-Main-10/INFO]: Preparing spawn area: 0%
[13:09:03] [Worker-Main-12/INFO]: Preparing spawn area: 0%
[13:09:03] [Worker-Main-12/INFO]: Preparing spawn area: 0%
[13:09:04] [Worker-Main-13/INFO]: Preparing spawn area: 1%
[13:09:04] [Worker-Main-10/INFO]: Preparing spawn area: 1%
[13:09:05] [Worker-Main-9/INFO]: Preparing spawn area: 1%
[13:09:05] [Worker-Main-8/INFO]: Preparing spawn area: 4%
[13:09:06] [Worker-Main-9/INFO]: Preparing spawn area: 4%
[13:09:06] [Worker-Main-11/INFO]: Preparing spawn area: 4%
